{"E:\\MyProjects\\0.test\\superb\\node-typescript-koa-rest\\src\\controller\\user.ts": {"path":"E:\\MyProjects\\0.test\\superb\\node-typescript-koa-rest\\src\\controller\\user.ts","statementMap":{"0":{"start":{"line":2,"column":0},"end":{"line":2,"column":67}},"1":{"start":{"line":3,"column":0},"end":{"line":3,"column":60}},"2":{"start":{"line":4,"column":0},"end":{"line":4,"column":92}},"3":{"start":{"line":5,"column":0},"end":{"line":5,"column":50}},"4":{"start":{"line":9,"column":0},"end":{"line":175,"column":null}},"5":{"start":{"line":16,"column":49},"end":{"line":16,"column":81}},"6":{"start":{"line":19,"column":30},"end":{"line":19,"column":57}},"7":{"start":{"line":22,"column":8},"end":{"line":22,"column":25}},"8":{"start":{"line":23,"column":8},"end":{"line":23,"column":25}},"9":{"start":{"line":34,"column":49},"end":{"line":34,"column":81}},"10":{"start":{"line":37,"column":39},"end":{"line":37,"column":88}},"11":{"start":{"line":39,"column":8},"end":{"line":47,"column":null}},"12":{"start":{"line":41,"column":12},"end":{"line":41,"column":29}},"13":{"start":{"line":42,"column":12},"end":{"line":42,"column":28}},"14":{"start":{"line":45,"column":12},"end":{"line":45,"column":29}},"15":{"start":{"line":46,"column":12},"end":{"line":46,"column":85}},"16":{"start":{"line":57,"column":49},"end":{"line":57,"column":81}},"17":{"start":{"line":60,"column":36},"end":{"line":60,"column":46}},"18":{"start":{"line":61,"column":8},"end":{"line":61,"column":51}},"19":{"start":{"line":62,"column":8},"end":{"line":62,"column":53}},"20":{"start":{"line":65,"column":42},"end":{"line":65,"column":71}},"21":{"start":{"line":67,"column":8},"end":{"line":81,"column":null}},"22":{"start":{"line":69,"column":12},"end":{"line":69,"column":29}},"23":{"start":{"line":70,"column":12},"end":{"line":70,"column":30}},"24":{"start":{"line":71,"column":15},"end":{"line":81,"column":null}},"25":{"start":{"line":73,"column":12},"end":{"line":73,"column":29}},"26":{"start":{"line":74,"column":12},"end":{"line":74,"column":69}},"27":{"start":{"line":77,"column":25},"end":{"line":77,"column":65}},"28":{"start":{"line":79,"column":12},"end":{"line":79,"column":29}},"29":{"start":{"line":80,"column":12},"end":{"line":80,"column":28}},"30":{"start":{"line":93,"column":49},"end":{"line":93,"column":81}},"31":{"start":{"line":97,"column":38},"end":{"line":97,"column":48}},"32":{"start":{"line":98,"column":8},"end":{"line":98,"column":49}},"33":{"start":{"line":99,"column":8},"end":{"line":99,"column":53}},"34":{"start":{"line":100,"column":8},"end":{"line":100,"column":55}},"35":{"start":{"line":103,"column":42},"end":{"line":103,"column":73}},"36":{"start":{"line":105,"column":8},"end":{"line":124,"column":null}},"37":{"start":{"line":107,"column":12},"end":{"line":107,"column":29}},"38":{"start":{"line":108,"column":12},"end":{"line":108,"column":30}},"39":{"start":{"line":109,"column":15},"end":{"line":124,"column":null}},"40":{"start":{"line":112,"column":12},"end":{"line":112,"column":29}},"41":{"start":{"line":113,"column":12},"end":{"line":113,"column":83}},"42":{"start":{"line":114,"column":15},"end":{"line":124,"column":null}},"43":{"start":{"line":116,"column":12},"end":{"line":116,"column":29}},"44":{"start":{"line":117,"column":12},"end":{"line":117,"column":69}},"45":{"start":{"line":120,"column":25},"end":{"line":120,"column":67}},"46":{"start":{"line":122,"column":12},"end":{"line":122,"column":29}},"47":{"start":{"line":123,"column":12},"end":{"line":123,"column":28}},"48":{"start":{"line":136,"column":31},"end":{"line":136,"column":63}},"49":{"start":{"line":139,"column":47},"end":{"line":139,"column":96}},"50":{"start":{"line":140,"column":8},"end":{"line":154,"column":null}},"51":{"start":{"line":142,"column":12},"end":{"line":142,"column":29}},"52":{"start":{"line":143,"column":12},"end":{"line":143,"column":83}},"53":{"start":{"line":144,"column":15},"end":{"line":154,"column":null}},"54":{"start":{"line":147,"column":12},"end":{"line":147,"column":29}},"55":{"start":{"line":148,"column":12},"end":{"line":148,"column":63}},"56":{"start":{"line":151,"column":12},"end":{"line":151,"column":54}},"57":{"start":{"line":153,"column":12},"end":{"line":153,"column":29}},"58":{"start":{"line":163,"column":31},"end":{"line":163,"column":63}},"59":{"start":{"line":166,"column":38},"end":{"line":166,"column":106}},"60":{"start":{"line":169,"column":8},"end":{"line":169,"column":51}},"61":{"start":{"line":172,"column":8},"end":{"line":172,"column":25}},"62":{"start":{"line":13,"column":4},"end":{"line":24,"column":null}},"63":{"start":{"line":31,"column":4},"end":{"line":49,"column":null}},"64":{"start":{"line":54,"column":4},"end":{"line":82,"column":null}},"65":{"start":{"line":90,"column":4},"end":{"line":126,"column":null}},"66":{"start":{"line":133,"column":4},"end":{"line":156,"column":null}},"67":{"start":{"line":160,"column":4},"end":{"line":173,"column":null}},"68":{"start":{"line":9,"column":21},"end":{"line":175,"column":null}},"69":{"start":{"line":9,"column":21},"end":{"line":9,"column":null}}},"fnMap":{"0":{"name":"(anonymous_2)","decl":{"start":{"line":13,"column":11},"end":{"line":13,"column":17}},"loc":{"start":{"line":13,"column":45},"end":{"line":24,"column":5}}},"1":{"name":"(anonymous_3)","decl":{"start":{"line":31,"column":11},"end":{"line":31,"column":17}},"loc":{"start":{"line":31,"column":44},"end":{"line":49,"column":5}}},"2":{"name":"(anonymous_4)","decl":{"start":{"line":54,"column":11},"end":{"line":54,"column":17}},"loc":{"start":{"line":54,"column":47},"end":{"line":82,"column":5}}},"3":{"name":"(anonymous_5)","decl":{"start":{"line":90,"column":11},"end":{"line":90,"column":17}},"loc":{"start":{"line":90,"column":47},"end":{"line":126,"column":5}}},"4":{"name":"(anonymous_6)","decl":{"start":{"line":133,"column":11},"end":{"line":133,"column":17}},"loc":{"start":{"line":133,"column":47},"end":{"line":156,"column":5}}},"5":{"name":"(anonymous_7)","decl":{"start":{"line":160,"column":11},"end":{"line":160,"column":17}},"loc":{"start":{"line":160,"column":52},"end":{"line":173,"column":5}}}},"branchMap":{"0":{"loc":{"start":{"line":37,"column":68},"end":{"line":37,"column":82}},"type":"binary-expr","locations":[{"start":{"line":37,"column":68},"end":{"line":37,"column":82}},{"start":{"line":37,"column":86},"end":{"line":37,"column":87}}]},"1":{"loc":{"start":{"line":39,"column":8},"end":{"line":47,"column":null}},"type":"if","locations":[{"start":{"line":39,"column":8},"end":{"line":47,"column":null}},{"start":{"line":39,"column":8},"end":{"line":47,"column":null}}]},"2":{"loc":{"start":{"line":67,"column":8},"end":{"line":81,"column":null}},"type":"if","locations":[{"start":{"line":67,"column":8},"end":{"line":81,"column":null}},{"start":{"line":67,"column":8},"end":{"line":81,"column":null}}]},"3":{"loc":{"start":{"line":71,"column":15},"end":{"line":81,"column":null}},"type":"if","locations":[{"start":{"line":71,"column":15},"end":{"line":81,"column":null}},{"start":{"line":71,"column":15},"end":{"line":81,"column":null}}]},"4":{"loc":{"start":{"line":98,"column":29},"end":{"line":98,"column":43}},"type":"binary-expr","locations":[{"start":{"line":98,"column":29},"end":{"line":98,"column":43}},{"start":{"line":98,"column":47},"end":{"line":98,"column":48}}]},"5":{"loc":{"start":{"line":105,"column":8},"end":{"line":124,"column":null}},"type":"if","locations":[{"start":{"line":105,"column":8},"end":{"line":124,"column":null}},{"start":{"line":105,"column":8},"end":{"line":124,"column":null}}]},"6":{"loc":{"start":{"line":109,"column":15},"end":{"line":124,"column":null}},"type":"if","locations":[{"start":{"line":109,"column":15},"end":{"line":124,"column":null}},{"start":{"line":109,"column":15},"end":{"line":124,"column":null}}]},"7":{"loc":{"start":{"line":114,"column":15},"end":{"line":124,"column":null}},"type":"if","locations":[{"start":{"line":114,"column":15},"end":{"line":124,"column":null}},{"start":{"line":114,"column":15},"end":{"line":124,"column":null}}]},"8":{"loc":{"start":{"line":139,"column":76},"end":{"line":139,"column":90}},"type":"binary-expr","locations":[{"start":{"line":139,"column":76},"end":{"line":139,"column":90}},{"start":{"line":139,"column":94},"end":{"line":139,"column":95}}]},"9":{"loc":{"start":{"line":140,"column":8},"end":{"line":154,"column":null}},"type":"if","locations":[{"start":{"line":140,"column":8},"end":{"line":154,"column":null}},{"start":{"line":140,"column":8},"end":{"line":154,"column":null}}]},"10":{"loc":{"start":{"line":144,"column":15},"end":{"line":154,"column":null}},"type":"if","locations":[{"start":{"line":144,"column":15},"end":{"line":154,"column":null}},{"start":{"line":144,"column":15},"end":{"line":154,"column":null}}]}},"s":{"0":1,"1":1,"2":1,"3":1,"4":1,"5":1,"6":1,"7":1,"8":1,"9":2,"10":2,"11":2,"12":1,"13":1,"14":1,"15":1,"16":3,"17":3,"18":3,"19":3,"20":3,"21":3,"22":1,"23":1,"24":2,"25":1,"26":1,"27":1,"28":1,"29":1,"30":4,"31":4,"32":4,"33":4,"34":4,"35":4,"36":4,"37":1,"38":1,"39":3,"40":1,"41":1,"42":2,"43":1,"44":1,"45":1,"46":1,"47":1,"48":3,"49":3,"50":3,"51":1,"52":1,"53":2,"54":1,"55":1,"56":1,"57":1,"58":1,"59":1,"60":1,"61":1,"62":1,"63":1,"64":1,"65":1,"66":1,"67":1,"68":1,"69":1},"f":{"0":1,"1":2,"2":3,"3":4,"4":3,"5":1},"b":{"0":[2,2],"1":[1,1],"2":[1,2],"3":[1,1],"4":[4,4],"5":[1,3],"6":[1,2],"7":[1,1],"8":[3,3],"9":[1,2],"10":[1,1]}}
,"E:\\MyProjects\\0.test\\superb\\node-typescript-koa-rest\\src\\entity\\user.ts": {"path":"E:\\MyProjects\\0.test\\superb\\node-typescript-koa-rest\\src\\entity\\user.ts","statementMap":{"0":{"start":{"line":1,"column":0},"end":{"line":1,"column":65}},"1":{"start":{"line":2,"column":0},"end":{"line":2,"column":50}},"2":{"start":{"line":5,"column":0},"end":{"line":21,"column":null}},"3":{"start":{"line":7,"column":4},"end":{"line":7,"column":null}},"4":{"start":{"line":13,"column":4},"end":{"line":13,"column":null}},"5":{"start":{"line":20,"column":4},"end":{"line":20,"column":null}},"6":{"start":{"line":5,"column":13},"end":{"line":21,"column":null}},"7":{"start":{"line":5,"column":13},"end":{"line":5,"column":17}},"8":{"start":{"line":23,"column":13},"end":{"line":27,"column":2}}},"fnMap":{},"branchMap":{},"s":{"0":2,"1":2,"2":2,"3":2,"4":2,"5":2,"6":2,"7":2,"8":2},"f":{},"b":{}}
}
