TN:
SF:src\controller\booking.ts
FN:25,(anonymous_2)
FN:43,(anonymous_3)
FNF:2
FNH:2
FNDA:1,(anonymous_2)
FNDA:1,(anonymous_3)
DA:2,1
DA:10,1
DA:11,1
DA:12,1
DA:13,1
DA:14,1
DA:22,1
DA:25,1
DA:28,1
DA:31,1
DA:36,1
DA:37,1
DA:43,1
DA:46,1
DA:47,1
DA:49,1
DA:52,1
DA:53,1
DA:54,1
DA:55,1
DA:58,1
DA:60,1
DA:61,0
DA:62,0
DA:63,0
DA:66,1
DA:67,0
DA:68,0
DA:69,0
DA:72,1
DA:74,0
DA:75,0
DA:76,1
DA:83,0
DA:84,0
DA:87,1
DA:89,1
DA:90,1
LF:38
LH:28
BRDA:60,0,0,0
BRDA:60,0,1,1
BRDA:66,1,0,0
BRDA:66,1,1,1
BRDA:72,2,0,0
BRDA:72,2,1,1
BRDA:76,3,0,0
BRDA:76,3,1,1
BRF:8
BRH:4
end_of_record
TN:
SF:src\controller\table.ts
FN:23,(anonymous_2)
FN:41,(anonymous_3)
FN:65,(anonymous_4)
FN:101,(anonymous_5)
FNF:4
FNH:4
FNDA:1,(anonymous_2)
FNDA:2,(anonymous_3)
FNDA:3,(anonymous_4)
FNDA:2,(anonymous_5)
DA:2,1
DA:10,1
DA:11,1
DA:12,1
DA:20,1
DA:23,1
DA:26,1
DA:29,1
DA:32,1
DA:33,1
DA:41,1
DA:44,2
DA:47,2
DA:51,2
DA:53,1
DA:54,1
DA:57,1
DA:58,1
DA:65,1
DA:68,3
DA:71,3
DA:72,3
DA:75,3
DA:77,3
DA:79,1
DA:80,1
DA:81,2
DA:85,1
DA:86,1
DA:89,1
DA:91,1
DA:92,1
DA:101,1
DA:103,2
DA:106,2
DA:109,2
DA:111,1
DA:112,1
DA:115,1
DA:117,1
LF:40
LH:40
BRDA:48,0,0,2
BRDA:48,0,1,0
BRDA:51,1,0,1
BRDA:51,1,1,1
BRDA:77,2,0,1
BRDA:77,2,1,2
BRDA:81,3,0,1
BRDA:81,3,1,1
BRDA:107,4,0,2
BRDA:107,4,1,2
BRDA:109,5,0,1
BRDA:109,5,1,1
BRF:12
BRH:11
end_of_record
TN:
SF:src\controller\user.ts
FN:13,(anonymous_2)
FN:31,(anonymous_3)
FN:54,(anonymous_4)
FN:90,(anonymous_5)
FN:133,(anonymous_6)
FN:160,(anonymous_7)
FNF:6
FNH:6
FNDA:1,(anonymous_2)
FNDA:2,(anonymous_3)
FNDA:3,(anonymous_4)
FNDA:4,(anonymous_5)
FNDA:3,(anonymous_6)
FNDA:1,(anonymous_7)
DA:2,1
DA:3,1
DA:4,1
DA:5,1
DA:9,1
DA:13,1
DA:16,1
DA:19,1
DA:22,1
DA:23,1
DA:31,1
DA:34,2
DA:37,2
DA:39,2
DA:41,1
DA:42,1
DA:45,1
DA:46,1
DA:54,1
DA:57,3
DA:60,3
DA:61,3
DA:62,3
DA:65,3
DA:67,3
DA:69,1
DA:70,1
DA:71,2
DA:73,1
DA:74,1
DA:77,1
DA:79,1
DA:80,1
DA:90,1
DA:93,4
DA:97,4
DA:98,4
DA:99,4
DA:100,4
DA:103,4
DA:105,4
DA:107,1
DA:108,1
DA:109,3
DA:112,1
DA:113,1
DA:114,2
DA:116,1
DA:117,1
DA:120,1
DA:122,1
DA:123,1
DA:133,1
DA:136,3
DA:139,3
DA:140,3
DA:142,1
DA:143,1
DA:144,2
DA:147,1
DA:148,1
DA:151,1
DA:153,1
DA:160,1
DA:163,1
DA:166,1
DA:169,1
DA:172,1
LF:68
LH:68
BRDA:37,0,0,2
BRDA:37,0,1,2
BRDA:39,1,0,1
BRDA:39,1,1,1
BRDA:67,2,0,1
BRDA:67,2,1,2
BRDA:71,3,0,1
BRDA:71,3,1,1
BRDA:98,4,0,4
BRDA:98,4,1,4
BRDA:105,5,0,1
BRDA:105,5,1,3
BRDA:109,6,0,1
BRDA:109,6,1,2
BRDA:114,7,0,1
BRDA:114,7,1,1
BRDA:139,8,0,3
BRDA:139,8,1,3
BRDA:140,9,0,1
BRDA:140,9,1,2
BRDA:144,10,0,1
BRDA:144,10,1,1
BRF:22
BRH:22
end_of_record
TN:
SF:src\entity\booking.ts
FN:20,(anonymous_2)
FN:27,(anonymous_3)
FNF:2
FNH:0
FNDA:0,(anonymous_2)
FNDA:0,(anonymous_3)
DA:1,3
DA:9,3
DA:10,3
DA:13,3
DA:15,3
DA:18,3
DA:20,0
DA:22,3
DA:25,3
DA:27,0
DA:29,3
DA:32,3
DA:35,3
LF:13
LH:11
BRF:0
BRH:0
end_of_record
TN:
SF:src\entity\table.ts
FNF:0
FNH:0
DA:1,3
DA:2,3
DA:5,3
DA:7,3
DA:11,3
DA:15,3
DA:18,3
LF:7
LH:7
BRF:0
BRH:0
end_of_record
TN:
SF:src\entity\user.ts
FNF:0
FNH:0
DA:1,5
DA:2,5
DA:5,5
DA:7,5
DA:13,5
DA:20,5
DA:23,5
LF:7
LH:7
BRF:0
BRH:0
end_of_record
