TN:
SF:src\controller\user.ts
FN:13,(anonymous_2)
FN:31,(anonymous_3)
FN:54,(anonymous_4)
FN:90,(anonymous_5)
FN:133,(anonymous_6)
FN:160,(anonymous_7)
FNF:6
FNH:6
FNDA:1,(anonymous_2)
FNDA:2,(anonymous_3)
FNDA:3,(anonymous_4)
FNDA:4,(anonymous_5)
FNDA:3,(anonymous_6)
FNDA:1,(anonymous_7)
DA:2,1
DA:3,1
DA:4,1
DA:5,1
DA:9,1
DA:13,1
DA:16,1
DA:19,1
DA:22,1
DA:23,1
DA:31,1
DA:34,2
DA:37,2
DA:39,2
DA:41,1
DA:42,1
DA:45,1
DA:46,1
DA:54,1
DA:57,3
DA:60,3
DA:61,3
DA:62,3
DA:65,3
DA:67,3
DA:69,1
DA:70,1
DA:71,2
DA:73,1
DA:74,1
DA:77,1
DA:79,1
DA:80,1
DA:90,1
DA:93,4
DA:97,4
DA:98,4
DA:99,4
DA:100,4
DA:103,4
DA:105,4
DA:107,1
DA:108,1
DA:109,3
DA:112,1
DA:113,1
DA:114,2
DA:116,1
DA:117,1
DA:120,1
DA:122,1
DA:123,1
DA:133,1
DA:136,3
DA:139,3
DA:140,3
DA:142,1
DA:143,1
DA:144,2
DA:147,1
DA:148,1
DA:151,1
DA:153,1
DA:160,1
DA:163,1
DA:166,1
DA:169,1
DA:172,1
LF:68
LH:68
BRDA:37,0,0,2
BRDA:37,0,1,2
BRDA:39,1,0,1
BRDA:39,1,1,1
BRDA:67,2,0,1
BRDA:67,2,1,2
BRDA:71,3,0,1
BRDA:71,3,1,1
BRDA:98,4,0,4
BRDA:98,4,1,4
BRDA:105,5,0,1
BRDA:105,5,1,3
BRDA:109,6,0,1
BRDA:109,6,1,2
BRDA:114,7,0,1
BRDA:114,7,1,1
BRDA:139,8,0,3
BRDA:139,8,1,3
BRDA:140,9,0,1
BRDA:140,9,1,2
BRDA:144,10,0,1
BRDA:144,10,1,1
BRF:22
BRH:22
end_of_record
TN:
SF:src\entity\user.ts
FNF:0
FNH:0
DA:1,2
DA:2,2
DA:5,2
DA:7,2
DA:13,2
DA:20,2
DA:23,2
LF:7
LH:7
BRF:0
BRH:0
end_of_record
